<?xml version="1.0" encoding="UTF-8"?>
<!-- Generated by org.testng.reporters.JUnitReportReporter -->
<testsuite hostname="DESKTOP-KAH4V20" failures="0" tests="1" name="Day18_TestNG.Demo" time="0.057" errors="0" timestamp="2024-06-21T09:57:39 IST" skipped="0">
  <testcase classname="Day18_TestNG.Demo" name="f" time="0.057"/>
  <system-out/>
</testsuite> <!-- Day18_TestNG.Demo -->
