<?xml version="1.0" encoding="UTF-8"?>
<!-- Generated by org.testng.reporters.JUnitReportReporter -->
<testsuite hostname="DESKTOP-KAH4V20" failures="0" tests="1" name="Day18_TestNG.JetStoreDemo" time="11.373" errors="0" timestamp="2024-06-21T12:05:40 IST" skipped="0">
  <testcase classname="Day18_TestNG.JetStoreDemo" name="loginCheck" time="11.373"/>
  <system-out/>
</testsuite> <!-- Day18_TestNG.JetStoreDemo -->
