<?xml version="1.0" encoding="UTF-8"?>
<!-- Generated by org.testng.reporters.JUnitReportReporter -->
<testsuite hostname="DESKTOP-KAH4V20" failures="0" tests="1" name="Day18_TestNG.Mercury_Demo" time="5.415" errors="0" timestamp="2024-06-21T11:44:58 IST" skipped="0">
  <testcase classname="Day18_TestNG.Mercury_Demo" name="loginCheck" time="5.415"/>
  <system-out/>
</testsuite> <!-- Day18_TestNG.Mercury_Demo -->
